<?xml version="1.0" encoding="UTF-8" ?>
<testsuite failures="0" time="0.057" errors="0" skipped="0" tests="1" name="kr.oks.saboard.TestCommon">
  <properties>
    <property name="java.runtime.name" value="Java(TM) SE Runtime Environment"/>
    <property name="sun.boot.library.path" value="D:\Program Files\Java\jdk1.6.0_30\jre\bin"/>
    <property name="java.vm.version" value="20.5-b03"/>
    <property name="java.vm.vendor" value="Sun Microsystems Inc."/>
    <property name="java.vendor.url" value="http://java.sun.com/"/>
    <property name="path.separator" value=";"/>
    <property name="java.vm.name" value="Java HotSpot(TM) 64-Bit Server VM"/>
    <property name="file.encoding.pkg" value="sun.io"/>
    <property name="user.country" value="KR"/>
    <property name="sun.java.launcher" value="SUN_STANDARD"/>
    <property name="sun.os.patch.level" value=""/>
    <property name="java.vm.specification.name" value="Java Virtual Machine Specification"/>
    <property name="user.dir" value="D:\Users\dhrudtjr\Desktop\sa_board"/>
    <property name="java.runtime.version" value="1.6.0_30-b12"/>
    <property name="java.awt.graphicsenv" value="sun.awt.Win32GraphicsEnvironment"/>
    <property name="basedir" value="D:\Users\dhrudtjr\Desktop\sa_board"/>
    <property name="java.endorsed.dirs" value="D:\Program Files\Java\jdk1.6.0_30\jre\lib\endorsed"/>
    <property name="os.arch" value="amd64"/>
    <property name="surefire.real.class.path" value="D:\Users\dhrudtjr\Desktop\sa_board\target\surefire\surefirebooter6923076243963221650.jar"/>
    <property name="java.io.tmpdir" value="D:\Users\dhrudtjr\AppData\Local\Temp\"/>
    <property name="line.separator" value="
"/>
    <property name="java.vm.specification.vendor" value="Sun Microsystems Inc."/>
    <property name="user.variant" value=""/>
    <property name="os.name" value="Windows 7"/>
    <property name="sun.jnu.encoding" value="MS949"/>
    <property name="java.library.path" value="D:\Program Files\Java\jdk1.6.0_30\jre\bin;D:\Windows\Sun\Java\bin;D:\Windows\system32;D:\Windows;D:\Users\dhrudtjr\oracle\bin;D:\Windows\system32;D:\Windows;D:\Windows\System32\Wbem;D:\Windows\System32\WindowsPowerShell\v1.0\;C:\APM_Setup\Server\Apache\bin;C:\APM_Setup\Server\MySQL5\bin;C:\APM_Setup\Server\PHP5;d:\Program Files (x86)\Microsoft SQL Server\100\Tools\Binn\;d:\Program Files\Microsoft SQL Server\100\Tools\Binn\;d:\Program Files\Microsoft SQL Server\100\DTS\Binn\;D:\Users\dhrudtjr\AppData\Roaming\npm;D:\Program Files (x86)\nodejs\;."/>
    <property name="surefire.test.class.path" value="D:\Users\dhrudtjr\Desktop\sa_board\target\test-classes;D:\Users\dhrudtjr\Desktop\sa_board\target\classes;D:\Users\dhrudtjr\.m2\repository\org\springframework\spring-context\3.1.0.RELEASE\spring-context-3.1.0.RELEASE.jar;D:\Users\dhrudtjr\.m2\repository\org\springframework\spring-aop\3.1.0.RELEASE\spring-aop-3.1.0.RELEASE.jar;D:\Users\dhrudtjr\.m2\repository\aopalliance\aopalliance\1.0\aopalliance-1.0.jar;D:\Users\dhrudtjr\.m2\repository\org\springframework\spring-beans\3.1.0.RELEASE\spring-beans-3.1.0.RELEASE.jar;D:\Users\dhrudtjr\.m2\repository\org\springframework\spring-core\3.1.0.RELEASE\spring-core-3.1.0.RELEASE.jar;D:\Users\dhrudtjr\.m2\repository\org\springframework\spring-expression\3.1.0.RELEASE\spring-expression-3.1.0.RELEASE.jar;D:\Users\dhrudtjr\.m2\repository\org\springframework\spring-asm\3.1.0.RELEASE\spring-asm-3.1.0.RELEASE.jar;D:\Users\dhrudtjr\.m2\repository\org\springframework\spring-webmvc\3.1.0.RELEASE\spring-webmvc-3.1.0.RELEASE.jar;D:\Users\dhrudtjr\.m2\repository\org\springframework\spring-context-support\3.1.0.RELEASE\spring-context-support-3.1.0.RELEASE.jar;D:\Users\dhrudtjr\.m2\repository\org\springframework\spring-web\3.1.0.RELEASE\spring-web-3.1.0.RELEASE.jar;D:\Users\dhrudtjr\.m2\repository\org\aspectj\aspectjrt\1.6.9\aspectjrt-1.6.9.jar;D:\Users\dhrudtjr\.m2\repository\org\slf4j\slf4j-api\1.5.10\slf4j-api-1.5.10.jar;D:\Users\dhrudtjr\.m2\repository\org\slf4j\jcl-over-slf4j\1.5.10\jcl-over-slf4j-1.5.10.jar;D:\Users\dhrudtjr\.m2\repository\org\slf4j\slf4j-log4j12\1.5.10\slf4j-log4j12-1.5.10.jar;D:\Users\dhrudtjr\.m2\repository\log4j\log4j\1.2.15\log4j-1.2.15.jar;D:\Users\dhrudtjr\.m2\repository\javax\inject\javax.inject\1\javax.inject-1.jar;D:\Users\dhrudtjr\.m2\repository\javax\servlet\servlet-api\2.5\servlet-api-2.5.jar;D:\Users\dhrudtjr\.m2\repository\javax\servlet\jsp\jsp-api\2.1\jsp-api-2.1.jar;D:\Users\dhrudtjr\.m2\repository\javax\servlet\jstl\1.2\jstl-1.2.jar;D:\Users\dhrudtjr\.m2\repository\junit\junit\4.7\junit-4.7.jar;D:\Users\dhrudtjr\.m2\repository\commons-dbcp\commons-dbcp\1.4\commons-dbcp-1.4.jar;D:\Users\dhrudtjr\.m2\repository\commons-pool\commons-pool\1.5.4\commons-pool-1.5.4.jar;D:\Users\dhrudtjr\.m2\repository\mysql\mysql-connector-java\5.1.20\mysql-connector-java-5.1.20.jar;D:\Users\dhrudtjr\.m2\repository\org\springframework\spring-jdbc\3.1.1.RELEASE\spring-jdbc-3.1.1.RELEASE.jar;D:\Users\dhrudtjr\.m2\repository\org\springframework\spring-tx\3.1.1.RELEASE\spring-tx-3.1.1.RELEASE.jar;D:\Users\dhrudtjr\.m2\repository\org\apache\ibatis\ibatis-sqlmap\2.3.4.726\ibatis-sqlmap-2.3.4.726.jar;D:\Users\dhrudtjr\.m2\repository\org\springframework\spring-orm\3.1.1.RELEASE\spring-orm-3.1.1.RELEASE.jar;D:\Users\dhrudtjr\.m2\repository\org\springframework\spring-test\3.1.1.RELEASE\spring-test-3.1.1.RELEASE.jar;D:\Users\dhrudtjr\.m2\repository\commons-lang\commons-lang\2.6\commons-lang-2.6.jar;D:\Users\dhrudtjr\.m2\repository\commons-fileupload\commons-fileupload\1.2.2\commons-fileupload-1.2.2.jar;D:\Users\dhrudtjr\.m2\repository\commons-io\commons-io\2.3\commons-io-2.3.jar;"/>
    <property name="java.specification.name" value="Java Platform API Specification"/>
    <property name="java.class.version" value="50.0"/>
    <property name="sun.management.compiler" value="HotSpot 64-Bit Tiered Compilers"/>
    <property name="os.version" value="6.1"/>
    <property name="user.home" value="D:\Users\dhrudtjr"/>
    <property name="user.timezone" value="Asia/Seoul"/>
    <property name="java.awt.printerjob" value="sun.awt.windows.WPrinterJob"/>
    <property name="java.specification.version" value="1.6"/>
    <property name="file.encoding" value="MS949"/>
    <property name="user.name" value="dhrudtjr"/>
    <property name="java.class.path" value="D:\Users\dhrudtjr\Desktop\sa_board\target\test-classes;D:\Users\dhrudtjr\Desktop\sa_board\target\classes;D:\Users\dhrudtjr\.m2\repository\org\springframework\spring-context\3.1.0.RELEASE\spring-context-3.1.0.RELEASE.jar;D:\Users\dhrudtjr\.m2\repository\org\springframework\spring-aop\3.1.0.RELEASE\spring-aop-3.1.0.RELEASE.jar;D:\Users\dhrudtjr\.m2\repository\aopalliance\aopalliance\1.0\aopalliance-1.0.jar;D:\Users\dhrudtjr\.m2\repository\org\springframework\spring-beans\3.1.0.RELEASE\spring-beans-3.1.0.RELEASE.jar;D:\Users\dhrudtjr\.m2\repository\org\springframework\spring-core\3.1.0.RELEASE\spring-core-3.1.0.RELEASE.jar;D:\Users\dhrudtjr\.m2\repository\org\springframework\spring-expression\3.1.0.RELEASE\spring-expression-3.1.0.RELEASE.jar;D:\Users\dhrudtjr\.m2\repository\org\springframework\spring-asm\3.1.0.RELEASE\spring-asm-3.1.0.RELEASE.jar;D:\Users\dhrudtjr\.m2\repository\org\springframework\spring-webmvc\3.1.0.RELEASE\spring-webmvc-3.1.0.RELEASE.jar;D:\Users\dhrudtjr\.m2\repository\org\springframework\spring-context-support\3.1.0.RELEASE\spring-context-support-3.1.0.RELEASE.jar;D:\Users\dhrudtjr\.m2\repository\org\springframework\spring-web\3.1.0.RELEASE\spring-web-3.1.0.RELEASE.jar;D:\Users\dhrudtjr\.m2\repository\org\aspectj\aspectjrt\1.6.9\aspectjrt-1.6.9.jar;D:\Users\dhrudtjr\.m2\repository\org\slf4j\slf4j-api\1.5.10\slf4j-api-1.5.10.jar;D:\Users\dhrudtjr\.m2\repository\org\slf4j\jcl-over-slf4j\1.5.10\jcl-over-slf4j-1.5.10.jar;D:\Users\dhrudtjr\.m2\repository\org\slf4j\slf4j-log4j12\1.5.10\slf4j-log4j12-1.5.10.jar;D:\Users\dhrudtjr\.m2\repository\log4j\log4j\1.2.15\log4j-1.2.15.jar;D:\Users\dhrudtjr\.m2\repository\javax\inject\javax.inject\1\javax.inject-1.jar;D:\Users\dhrudtjr\.m2\repository\javax\servlet\servlet-api\2.5\servlet-api-2.5.jar;D:\Users\dhrudtjr\.m2\repository\javax\servlet\jsp\jsp-api\2.1\jsp-api-2.1.jar;D:\Users\dhrudtjr\.m2\repository\javax\servlet\jstl\1.2\jstl-1.2.jar;D:\Users\dhrudtjr\.m2\repository\junit\junit\4.7\junit-4.7.jar;D:\Users\dhrudtjr\.m2\repository\commons-dbcp\commons-dbcp\1.4\commons-dbcp-1.4.jar;D:\Users\dhrudtjr\.m2\repository\commons-pool\commons-pool\1.5.4\commons-pool-1.5.4.jar;D:\Users\dhrudtjr\.m2\repository\mysql\mysql-connector-java\5.1.20\mysql-connector-java-5.1.20.jar;D:\Users\dhrudtjr\.m2\repository\org\springframework\spring-jdbc\3.1.1.RELEASE\spring-jdbc-3.1.1.RELEASE.jar;D:\Users\dhrudtjr\.m2\repository\org\springframework\spring-tx\3.1.1.RELEASE\spring-tx-3.1.1.RELEASE.jar;D:\Users\dhrudtjr\.m2\repository\org\apache\ibatis\ibatis-sqlmap\2.3.4.726\ibatis-sqlmap-2.3.4.726.jar;D:\Users\dhrudtjr\.m2\repository\org\springframework\spring-orm\3.1.1.RELEASE\spring-orm-3.1.1.RELEASE.jar;D:\Users\dhrudtjr\.m2\repository\org\springframework\spring-test\3.1.1.RELEASE\spring-test-3.1.1.RELEASE.jar;D:\Users\dhrudtjr\.m2\repository\commons-lang\commons-lang\2.6\commons-lang-2.6.jar;D:\Users\dhrudtjr\.m2\repository\commons-fileupload\commons-fileupload\1.2.2\commons-fileupload-1.2.2.jar;D:\Users\dhrudtjr\.m2\repository\commons-io\commons-io\2.3\commons-io-2.3.jar;"/>
    <property name="java.vm.specification.version" value="1.0"/>
    <property name="sun.arch.data.model" value="64"/>
    <property name="java.home" value="D:\Program Files\Java\jdk1.6.0_30\jre"/>
    <property name="sun.java.command" value="D:\Users\dhrudtjr\Desktop\sa_board\target\surefire\surefirebooter6923076243963221650.jar D:\Users\dhrudtjr\Desktop\sa_board\target\surefire\surefire4349979094925859907tmp D:\Users\dhrudtjr\Desktop\sa_board\target\surefire\surefire4916220669972469201tmp"/>
    <property name="java.specification.vendor" value="Sun Microsystems Inc."/>
    <property name="user.language" value="ko"/>
    <property name="awt.toolkit" value="sun.awt.windows.WToolkit"/>
    <property name="java.vm.info" value="mixed mode"/>
    <property name="java.version" value="1.6.0_30"/>
    <property name="java.ext.dirs" value="D:\Program Files\Java\jdk1.6.0_30\jre\lib\ext;D:\Windows\Sun\Java\lib\ext"/>
    <property name="sun.boot.class.path" value="D:\Program Files\Java\jdk1.6.0_30\jre\lib\resources.jar;D:\Program Files\Java\jdk1.6.0_30\jre\lib\rt.jar;D:\Program Files\Java\jdk1.6.0_30\jre\lib\sunrsasign.jar;D:\Program Files\Java\jdk1.6.0_30\jre\lib\jsse.jar;D:\Program Files\Java\jdk1.6.0_30\jre\lib\jce.jar;D:\Program Files\Java\jdk1.6.0_30\jre\lib\charsets.jar;D:\Program Files\Java\jdk1.6.0_30\jre\lib\modules\jdk.boot.jar;D:\Program Files\Java\jdk1.6.0_30\jre\classes"/>
    <property name="java.vendor" value="Sun Microsystems Inc."/>
    <property name="localRepository" value="D:\Users\dhrudtjr\.m2\repository"/>
    <property name="file.separator" value="\"/>
    <property name="java.vendor.url.bug" value="http://java.sun.com/cgi-bin/bugreport.cgi"/>
    <property name="sun.cpu.endian" value="little"/>
    <property name="sun.io.unicode.encoding" value="UnicodeLittle"/>
    <property name="sun.desktop" value="windows"/>
    <property name="sun.cpu.isalist" value="amd64"/>
  </properties>
  <testcase time="0.054" classname="kr.oks.saboard.TestCommon" name="test"/>
</testsuite>